<?xml version="1.0" encoding="UTF-8"?>
<coverage generated="1619828508659" clover="3.2.0">
  <project timestamp="1619828508659" name="All files">
    <metrics statements="17" coveredstatements="17" conditionals="6" coveredconditionals="6" methods="2" coveredmethods="2" elements="25" coveredelements="25" complexity="0" loc="17" ncloc="17" packages="1" files="1" classes="1"/>
    <file name="merge-sort.js" path="/Users/rita/Desktop/code/key-concepts/merge_sort/src/merge-sort.js">
      <metrics statements="17" coveredstatements="17" conditionals="6" coveredconditionals="6" methods="2" coveredmethods="2"/>
      <line num="2" count="4" type="stmt"/>
      <line num="3" count="4" type="stmt"/>
      <line num="4" count="4" type="stmt"/>
      <line num="5" count="4" type="cond" truecount="2" falsecount="0"/>
      <line num="6" count="6" type="cond" truecount="2" falsecount="0"/>
      <line num="7" count="3" type="stmt"/>
      <line num="8" count="3" type="stmt"/>
      <line num="10" count="3" type="stmt"/>
      <line num="11" count="3" type="stmt"/>
      <line num="14" count="4" type="stmt"/>
      <line num="15" count="4" type="stmt"/>
      <line num="19" count="4" type="cond" truecount="2" falsecount="0"/>
      <line num="20" count="3" type="stmt"/>
      <line num="22" count="1" type="stmt"/>
      <line num="23" count="1" type="stmt"/>
      <line num="24" count="1" type="stmt"/>
      <line num="25" count="1" type="stmt"/>
    </file>
  </project>
</coverage>
