{"/Users/rita/Desktop/code/key-concepts/merge_sort/src/merge-sort.js": {"path":"/Users/rita/Desktop/code/key-concepts/merge_sort/src/merge-sort.js","statementMap":{"0":{"start":{"line":2,"column":21},"end":{"line":2,"column":23}},"1":{"start":{"line":3,"column":20},"end":{"line":3,"column":21}},"2":{"start":{"line":4,"column":21},"end":{"line":4,"column":22}},"3":{"start":{"line":5,"column":4},"end":{"line":13,"column":5}},"4":{"start":{"line":6,"column":8},"end":{"line":12,"column":9}},"5":{"start":{"line":7,"column":12},"end":{"line":7,"column":51}},"6":{"start":{"line":8,"column":12},"end":{"line":8,"column":24}},"7":{"start":{"line":10,"column":12},"end":{"line":10,"column":53}},"8":{"start":{"line":11,"column":12},"end":{"line":11,"column":26}},"9":{"start":{"line":14,"column":4},"end":{"line":14,"column":102}},"10":{"start":{"line":15,"column":4},"end":{"line":15,"column":23}},"11":{"start":{"line":19,"column":4},"end":{"line":21,"column":5}},"12":{"start":{"line":20,"column":6},"end":{"line":20,"column":19}},"13":{"start":{"line":22,"column":21},"end":{"line":22,"column":49}},"14":{"start":{"line":23,"column":22},"end":{"line":23,"column":46}},"15":{"start":{"line":24,"column":23},"end":{"line":24,"column":44}},"16":{"start":{"line":25,"column":4},"end":{"line":25,"column":62}}},"fnMap":{"0":{"name":"merge","decl":{"start":{"line":1,"column":16},"end":{"line":1,"column":21}},"loc":{"start":{"line":1,"column":45},"end":{"line":16,"column":1}},"line":1},"1":{"name":"mergeSort","decl":{"start":{"line":18,"column":16},"end":{"line":18,"column":25}},"loc":{"start":{"line":18,"column":33},"end":{"line":26,"column":3}},"line":18}},"branchMap":{"0":{"loc":{"start":{"line":5,"column":10},"end":{"line":5,"column":76}},"type":"binary-expr","locations":[{"start":{"line":5,"column":11},"end":{"line":5,"column":39}},{"start":{"line":5,"column":45},"end":{"line":5,"column":75}}],"line":5},"1":{"loc":{"start":{"line":6,"column":8},"end":{"line":12,"column":9}},"type":"if","locations":[{"start":{"line":6,"column":8},"end":{"line":12,"column":9}},{"start":{"line":6,"column":8},"end":{"line":12,"column":9}}],"line":6},"2":{"loc":{"start":{"line":19,"column":4},"end":{"line":21,"column":5}},"type":"if","locations":[{"start":{"line":19,"column":4},"end":{"line":21,"column":5}},{"start":{"line":19,"column":4},"end":{"line":21,"column":5}}],"line":19}},"s":{"0":4,"1":4,"2":4,"3":4,"4":6,"5":3,"6":3,"7":3,"8":3,"9":4,"10":4,"11":4,"12":3,"13":1,"14":1,"15":1,"16":1},"f":{"0":4,"1":4},"b":{"0":[10,8],"1":[3,3],"2":[3,1]},"_coverageSchema":"43e27e138ebf9cfc5966b082cf9a028302ed4184","hash":"b1121483850ed2a1027d63ce7b958c2af93b0c0e"}
}
