{"/Users/rita/Desktop/code/key-concepts/hash_table/src/hash-table.js": {"path":"/Users/rita/Desktop/code/key-concepts/hash_table/src/hash-table.js","statementMap":{"0":{"start":{"line":3,"column":8},"end":{"line":3,"column":24}},"1":{"start":{"line":10,"column":8},"end":{"line":10,"column":62}},"2":{"start":{"line":14,"column":22},"end":{"line":14,"column":36}},"3":{"start":{"line":16,"column":8},"end":{"line":18,"column":9}},"4":{"start":{"line":17,"column":12},"end":{"line":17,"column":34}},"5":{"start":{"line":19,"column":8},"end":{"line":19,"column":45}},"6":{"start":{"line":23,"column":22},"end":{"line":23,"column":36}},"7":{"start":{"line":24,"column":23},"end":{"line":24,"column":40}},"8":{"start":{"line":25,"column":8},"end":{"line":31,"column":9}},"9":{"start":{"line":26,"column":12},"end":{"line":30,"column":13}},"10":{"start":{"line":26,"column":25},"end":{"line":26,"column":26}},"11":{"start":{"line":27,"column":16},"end":{"line":29,"column":17}},"12":{"start":{"line":28,"column":20},"end":{"line":28,"column":40}},"13":{"start":{"line":32,"column":8},"end":{"line":32,"column":19}}},"fnMap":{"0":{"name":"(anonymous_0)","decl":{"start":{"line":2,"column":4},"end":{"line":2,"column":5}},"loc":{"start":{"line":2,"column":18},"end":{"line":4,"column":5}},"line":2},"1":{"name":"(anonymous_1)","decl":{"start":{"line":9,"column":4},"end":{"line":9,"column":5}},"loc":{"start":{"line":9,"column":14},"end":{"line":11,"column":5}},"line":9},"2":{"name":"(anonymous_2)","decl":{"start":{"line":13,"column":4},"end":{"line":13,"column":5}},"loc":{"start":{"line":13,"column":20},"end":{"line":20,"column":5}},"line":13},"3":{"name":"(anonymous_3)","decl":{"start":{"line":22,"column":4},"end":{"line":22,"column":5}},"loc":{"start":{"line":22,"column":13},"end":{"line":33,"column":5}},"line":22}},"branchMap":{"0":{"loc":{"start":{"line":16,"column":8},"end":{"line":18,"column":9}},"type":"if","locations":[{"start":{"line":16,"column":8},"end":{"line":18,"column":9}},{"start":{"line":16,"column":8},"end":{"line":18,"column":9}}],"line":16},"1":{"loc":{"start":{"line":25,"column":8},"end":{"line":31,"column":9}},"type":"if","locations":[{"start":{"line":25,"column":8},"end":{"line":31,"column":9}},{"start":{"line":25,"column":8},"end":{"line":31,"column":9}}],"line":25},"2":{"loc":{"start":{"line":27,"column":16},"end":{"line":29,"column":17}},"type":"if","locations":[{"start":{"line":27,"column":16},"end":{"line":29,"column":17}},{"start":{"line":27,"column":16},"end":{"line":29,"column":17}}],"line":27}},"s":{"0":7,"1":10,"2":5,"3":5,"4":3,"5":5,"6":3,"7":3,"8":3,"9":2,"10":2,"11":3,"12":1,"13":2},"f":{"0":7,"1":10,"2":5,"3":3},"b":{"0":[3,2],"1":[2,1],"2":[1,2]},"_coverageSchema":"43e27e138ebf9cfc5966b082cf9a028302ed4184","hash":"58eaa78b06b4165d854b957936f87e0b087aa321"}
}
