{"/Users/rita/Desktop/code/study/BST/src/bst-node.js": {"path":"/Users/rita/Desktop/code/study/BST/src/bst-node.js","statementMap":{"0":{"start":{"line":3,"column":8},"end":{"line":3,"column":25}},"1":{"start":{"line":4,"column":8},"end":{"line":4,"column":25}},"2":{"start":{"line":5,"column":8},"end":{"line":5,"column":26}}},"fnMap":{"0":{"name":"(anonymous_0)","decl":{"start":{"line":2,"column":4},"end":{"line":2,"column":5}},"loc":{"start":{"line":2,"column":22},"end":{"line":6,"column":5}},"line":2}},"branchMap":{},"s":{"0":17,"1":17,"2":17},"f":{"0":17},"b":{},"_coverageSchema":"43e27e138ebf9cfc5966b082cf9a028302ed4184","hash":"8a97733609f46d2b47f7658112504884b8246ae9"}
,"/Users/rita/Desktop/code/study/BST/src/bst.js": {"path":"/Users/rita/Desktop/code/study/BST/src/bst.js","statementMap":{"0":{"start":{"line":3,"column":8},"end":{"line":3,"column":25}},"1":{"start":{"line":7,"column":8},"end":{"line":33,"column":9}},"2":{"start":{"line":8,"column":12},"end":{"line":8,"column":37}},"3":{"start":{"line":10,"column":30},"end":{"line":10,"column":39}},"4":{"start":{"line":11,"column":12},"end":{"line":32,"column":13}},"5":{"start":{"line":12,"column":16},"end":{"line":31,"column":17}},"6":{"start":{"line":13,"column":20},"end":{"line":21,"column":21}},"7":{"start":{"line":15,"column":24},"end":{"line":15,"column":56}},"8":{"start":{"line":16,"column":24},"end":{"line":16,"column":36}},"9":{"start":{"line":20,"column":24},"end":{"line":20,"column":55}},"10":{"start":{"line":22,"column":23},"end":{"line":31,"column":17}},"11":{"start":{"line":23,"column":19},"end":{"line":28,"column":20}},"12":{"start":{"line":24,"column":23},"end":{"line":24,"column":56}},"13":{"start":{"line":25,"column":23},"end":{"line":25,"column":35}},"14":{"start":{"line":27,"column":23},"end":{"line":27,"column":54}},"15":{"start":{"line":30,"column":20},"end":{"line":30,"column":32}}},"fnMap":{"0":{"name":"(anonymous_0)","decl":{"start":{"line":2,"column":4},"end":{"line":2,"column":5}},"loc":{"start":{"line":2,"column":18},"end":{"line":4,"column":5}},"line":2},"1":{"name":"(anonymous_1)","decl":{"start":{"line":6,"column":4},"end":{"line":6,"column":5}},"loc":{"start":{"line":6,"column":29},"end":{"line":34,"column":5}},"line":6}},"branchMap":{"0":{"loc":{"start":{"line":7,"column":8},"end":{"line":33,"column":9}},"type":"if","locations":[{"start":{"line":7,"column":8},"end":{"line":33,"column":9}},{"start":{"line":7,"column":8},"end":{"line":33,"column":9}}],"line":7},"1":{"loc":{"start":{"line":12,"column":16},"end":{"line":31,"column":17}},"type":"if","locations":[{"start":{"line":12,"column":16},"end":{"line":31,"column":17}},{"start":{"line":12,"column":16},"end":{"line":31,"column":17}}],"line":12},"2":{"loc":{"start":{"line":13,"column":20},"end":{"line":21,"column":21}},"type":"if","locations":[{"start":{"line":13,"column":20},"end":{"line":21,"column":21}},{"start":{"line":13,"column":20},"end":{"line":21,"column":21}}],"line":13},"3":{"loc":{"start":{"line":22,"column":23},"end":{"line":31,"column":17}},"type":"if","locations":[{"start":{"line":22,"column":23},"end":{"line":31,"column":17}},{"start":{"line":22,"column":23},"end":{"line":31,"column":17}}],"line":22},"4":{"loc":{"start":{"line":23,"column":19},"end":{"line":28,"column":20}},"type":"if","locations":[{"start":{"line":23,"column":19},"end":{"line":28,"column":20}},{"start":{"line":23,"column":19},"end":{"line":28,"column":20}}],"line":23}},"s":{"0":8,"1":16,"2":7,"3":9,"4":9,"5":12,"6":6,"7":4,"8":4,"9":2,"10":6,"11":5,"12":4,"13":4,"14":1,"15":1},"f":{"0":8,"1":16},"b":{"0":[7,9],"1":[6,6],"2":[4,2],"3":[5,1],"4":[4,1]},"_coverageSchema":"43e27e138ebf9cfc5966b082cf9a028302ed4184","hash":"0609c20184fda813c507506ac1e668ef17895b13"}
}
