TN:
SF:/Users/rita/Desktop/code/study/BST/src/bst-node.js
FN:2,(anonymous_0)
FNF:1
FNH:1
FNDA:17,(anonymous_0)
DA:3,17
DA:4,17
DA:5,17
LF:3
LH:3
BRF:0
BRH:0
end_of_record
TN:
SF:/Users/rita/Desktop/code/study/BST/src/bst.js
FN:2,(anonymous_0)
FN:6,(anonymous_1)
FNF:2
FNH:2
FNDA:8,(anonymous_0)
FNDA:16,(anonymous_1)
DA:3,8
DA:7,16
DA:8,7
DA:10,9
DA:11,9
DA:12,12
DA:13,6
DA:15,4
DA:16,4
DA:20,2
DA:22,6
DA:23,5
DA:24,4
DA:25,4
DA:27,1
DA:30,1
LF:16
LH:16
BRDA:7,0,0,7
BRDA:7,0,1,9
BRDA:12,1,0,6
BRDA:12,1,1,6
BRDA:13,2,0,4
BRDA:13,2,1,2
BRDA:22,3,0,5
BRDA:22,3,1,1
BRDA:23,4,0,4
BRDA:23,4,1,1
BRF:10
BRH:10
end_of_record
