<?xml version="1.0" encoding="UTF-8"?>
<coverage generated="1620076010354" clover="3.2.0">
  <project timestamp="1620076010354" name="All files">
    <metrics statements="22" coveredstatements="22" conditionals="8" coveredconditionals="8" methods="4" coveredmethods="4" elements="34" coveredelements="34" complexity="0" loc="22" ncloc="22" packages="1" files="2" classes="2"/>
    <file name="linked-list.js" path="/Users/rita/Desktop/code/key-concepts/linked_list/src/linked-list.js">
      <metrics statements="20" coveredstatements="20" conditionals="8" coveredconditionals="8" methods="3" coveredmethods="3"/>
      <line num="7" count="3" type="stmt"/>
      <line num="11" count="26" type="stmt"/>
      <line num="12" count="26" type="cond" truecount="2" falsecount="0"/>
      <line num="13" count="7" type="stmt"/>
      <line num="15" count="19" type="stmt"/>
      <line num="16" count="19" type="stmt"/>
      <line num="17" count="21" type="stmt"/>
      <line num="19" count="19" type="stmt"/>
      <line num="24" count="3" type="cond" truecount="2" falsecount="0"/>
      <line num="25" count="1" type="stmt"/>
      <line num="27" count="2" type="stmt"/>
      <line num="28" count="2" type="stmt"/>
      <line num="29" count="2" type="stmt"/>
      <line num="30" count="6" type="cond" truecount="2" falsecount="0"/>
      <line num="31" count="1" type="stmt"/>
      <line num="33" count="5" type="cond" truecount="2" falsecount="0"/>
      <line num="34" count="1" type="stmt"/>
      <line num="35" count="1" type="stmt"/>
      <line num="37" count="4" type="stmt"/>
      <line num="38" count="4" type="stmt"/>
    </file>
    <file name="node.js" path="/Users/rita/Desktop/code/key-concepts/linked_list/src/node.js">
      <metrics statements="2" coveredstatements="2" conditionals="0" coveredconditionals="0" methods="1" coveredmethods="1"/>
      <line num="3" count="27" type="stmt"/>
      <line num="4" count="27" type="stmt"/>
    </file>
  </project>
</coverage>
