TN:
SF:/Users/rita/Desktop/code/key-concepts/linked_list/src/linked-list.js
FN:6,(anonymous_0)
FN:10,(anonymous_1)
FN:23,(anonymous_2)
FNF:3
FNH:3
FNDA:3,(anonymous_0)
FNDA:26,(anonymous_1)
FNDA:3,(anonymous_2)
DA:7,3
DA:11,26
DA:12,26
DA:13,7
DA:15,19
DA:16,19
DA:17,21
DA:19,19
DA:24,3
DA:25,1
DA:27,2
DA:28,2
DA:29,2
DA:30,6
DA:31,1
DA:33,5
DA:34,1
DA:35,1
DA:37,4
DA:38,4
LF:20
LH:20
BRDA:12,0,0,7
BRDA:12,0,1,19
BRDA:24,1,0,1
BRDA:24,1,1,2
BRDA:30,2,0,1
BRDA:30,2,1,5
BRDA:33,3,0,1
BRDA:33,3,1,4
BRF:8
BRH:8
end_of_record
TN:
SF:/Users/rita/Desktop/code/key-concepts/linked_list/src/node.js
FN:2,(anonymous_0)
FNF:1
FNH:1
FNDA:27,(anonymous_0)
DA:3,27
DA:4,27
LF:2
LH:2
BRF:0
BRH:0
end_of_record
