<?xml version="1.0" encoding="UTF-8"?>
<coverage generated="1619635836806" clover="3.2.0">
  <project timestamp="1619635836806" name="All files">
    <metrics statements="16" coveredstatements="16" conditionals="6" coveredconditionals="5" methods="8" coveredmethods="8" elements="30" coveredelements="29" complexity="0" loc="16" ncloc="16" packages="1" files="1" classes="1"/>
    <file name="graph.js" path="/Users/rita/Desktop/code/key-concepts/graph/src/graph.js">
      <metrics statements="16" coveredstatements="16" conditionals="6" coveredconditionals="5" methods="8" coveredmethods="8"/>
      <line num="3" count="9" type="stmt"/>
      <line num="7" count="11" type="stmt"/>
      <line num="11" count="3" type="cond" truecount="2" falsecount="0"/>
      <line num="12" count="1" type="stmt"/>
      <line num="14" count="2" type="stmt"/>
      <line num="18" count="4" type="stmt"/>
      <line num="19" count="4" type="stmt"/>
      <line num="23" count="5" type="cond" truecount="2" falsecount="0"/>
      <line num="24" count="1" type="stmt"/>
      <line num="26" count="4" type="stmt"/>
      <line num="30" count="1" type="stmt"/>
      <line num="31" count="1" type="stmt"/>
      <line num="35" count="1" type="cond" truecount="1" falsecount="1"/>
      <line num="36" count="1" type="stmt"/>
      <line num="37" count="2" type="stmt"/>
      <line num="39" count="1" type="stmt"/>
    </file>
  </project>
</coverage>
