<?xml version="1.0" encoding="UTF-8"?>
<coverage generated="1619638945276" clover="3.2.0">
  <project timestamp="1619638945276" name="All files">
    <metrics statements="30" coveredstatements="30" conditionals="14" coveredconditionals="13" methods="10" coveredmethods="10" elements="54" coveredelements="53" complexity="0" loc="30" ncloc="30" packages="1" files="1" classes="1"/>
    <file name="graph.js" path="/Users/rita/Desktop/code/key-concepts/graph/src/graph.js">
      <metrics statements="30" coveredstatements="30" conditionals="14" coveredconditionals="13" methods="10" coveredmethods="10"/>
      <line num="3" count="10" type="stmt"/>
      <line num="7" count="19" type="stmt"/>
      <line num="11" count="3" type="cond" truecount="2" falsecount="0"/>
      <line num="12" count="1" type="stmt"/>
      <line num="14" count="2" type="stmt"/>
      <line num="18" count="10" type="stmt"/>
      <line num="19" count="10" type="stmt"/>
      <line num="23" count="5" type="cond" truecount="2" falsecount="0"/>
      <line num="24" count="1" type="stmt"/>
      <line num="26" count="4" type="stmt"/>
      <line num="30" count="1" type="stmt"/>
      <line num="31" count="1" type="stmt"/>
      <line num="35" count="1" type="cond" truecount="1" falsecount="1"/>
      <line num="36" count="1" type="stmt"/>
      <line num="37" count="2" type="stmt"/>
      <line num="39" count="1" type="stmt"/>
      <line num="44" count="4" type="cond" truecount="4" falsecount="0"/>
      <line num="45" count="2" type="stmt"/>
      <line num="48" count="2" type="stmt"/>
      <line num="50" count="2" type="stmt"/>
      <line num="52" count="2" type="stmt"/>
      <line num="54" count="12" type="stmt"/>
      <line num="56" count="12" type="cond" truecount="2" falsecount="0"/>
      <line num="57" count="1" type="stmt"/>
      <line num="60" count="11" type="stmt"/>
      <line num="62" count="11" type="stmt"/>
      <line num="64" count="11" type="stmt"/>
      <line num="65" count="19" type="cond" truecount="2" falsecount="0"/>
      <line num="66" count="10" type="stmt"/>
      <line num="71" count="1" type="stmt"/>
    </file>
  </project>
</coverage>
