{"/Users/rita/Desktop/code/key-concepts/graph/src/graph.js": {"path":"/Users/rita/Desktop/code/key-concepts/graph/src/graph.js","statementMap":{"0":{"start":{"line":3,"column":8},"end":{"line":3,"column":39}},"1":{"start":{"line":7,"column":8},"end":{"line":7,"column":48}},"2":{"start":{"line":11,"column":8},"end":{"line":13,"column":9}},"3":{"start":{"line":12,"column":12},"end":{"line":12,"column":24}},"4":{"start":{"line":14,"column":8},"end":{"line":14,"column":20}},"5":{"start":{"line":18,"column":8},"end":{"line":18,"column":49}},"6":{"start":{"line":19,"column":8},"end":{"line":19,"column":49}},"7":{"start":{"line":23,"column":8},"end":{"line":25,"column":9}},"8":{"start":{"line":24,"column":12},"end":{"line":24,"column":23}},"9":{"start":{"line":26,"column":8},"end":{"line":26,"column":21}},"10":{"start":{"line":30,"column":8},"end":{"line":30,"column":52}},"11":{"start":{"line":31,"column":8},"end":{"line":31,"column":52}},"12":{"start":{"line":35,"column":8},"end":{"line":40,"column":9}},"13":{"start":{"line":36,"column":12},"end":{"line":38,"column":15}},"14":{"start":{"line":37,"column":16},"end":{"line":37,"column":58}},"15":{"start":{"line":39,"column":12},"end":{"line":39,"column":44}},"16":{"start":{"line":44,"column":8},"end":{"line":46,"column":9}},"17":{"start":{"line":45,"column":12},"end":{"line":45,"column":25}},"18":{"start":{"line":48,"column":20},"end":{"line":48,"column":34}},"19":{"start":{"line":50,"column":29},"end":{"line":50,"column":38}},"20":{"start":{"line":52,"column":8},"end":{"line":70,"column":9}},"21":{"start":{"line":54,"column":32},"end":{"line":54,"column":45}},"22":{"start":{"line":56,"column":12},"end":{"line":69,"column":13}},"23":{"start":{"line":57,"column":16},"end":{"line":57,"column":28}},"24":{"start":{"line":60,"column":16},"end":{"line":60,"column":48}},"25":{"start":{"line":62,"column":38},"end":{"line":62,"column":73}},"26":{"start":{"line":64,"column":16},"end":{"line":68,"column":19}},"27":{"start":{"line":65,"column":20},"end":{"line":67,"column":21}},"28":{"start":{"line":66,"column":24},"end":{"line":66,"column":44}},"29":{"start":{"line":71,"column":8},"end":{"line":71,"column":21}},"30":{"start":{"line":75,"column":8},"end":{"line":77,"column":9}},"31":{"start":{"line":76,"column":12},"end":{"line":76,"column":25}},"32":{"start":{"line":79,"column":20},"end":{"line":79,"column":34}},"33":{"start":{"line":81,"column":29},"end":{"line":81,"column":38}},"34":{"start":{"line":83,"column":8},"end":{"line":101,"column":9}},"35":{"start":{"line":85,"column":32},"end":{"line":85,"column":45}},"36":{"start":{"line":87,"column":12},"end":{"line":100,"column":13}},"37":{"start":{"line":88,"column":16},"end":{"line":88,"column":28}},"38":{"start":{"line":91,"column":16},"end":{"line":91,"column":48}},"39":{"start":{"line":93,"column":38},"end":{"line":93,"column":73}},"40":{"start":{"line":95,"column":16},"end":{"line":99,"column":19}},"41":{"start":{"line":96,"column":20},"end":{"line":98,"column":21}},"42":{"start":{"line":97,"column":24},"end":{"line":97,"column":41}},"43":{"start":{"line":102,"column":8},"end":{"line":102,"column":21}}},"fnMap":{"0":{"name":"(anonymous_0)","decl":{"start":{"line":2,"column":4},"end":{"line":2,"column":5}},"loc":{"start":{"line":2,"column":18},"end":{"line":4,"column":5}},"line":2},"1":{"name":"(anonymous_1)","decl":{"start":{"line":6,"column":4},"end":{"line":6,"column":5}},"loc":{"start":{"line":6,"column":18},"end":{"line":8,"column":5}},"line":6},"2":{"name":"(anonymous_2)","decl":{"start":{"line":10,"column":4},"end":{"line":10,"column":5}},"loc":{"start":{"line":10,"column":18},"end":{"line":15,"column":5}},"line":10},"3":{"name":"(anonymous_3)","decl":{"start":{"line":17,"column":4},"end":{"line":17,"column":5}},"loc":{"start":{"line":17,"column":29},"end":{"line":20,"column":5}},"line":17},"4":{"name":"(anonymous_4)","decl":{"start":{"line":22,"column":4},"end":{"line":22,"column":5}},"loc":{"start":{"line":22,"column":26},"end":{"line":27,"column":5}},"line":22},"5":{"name":"(anonymous_5)","decl":{"start":{"line":29,"column":4},"end":{"line":29,"column":5}},"loc":{"start":{"line":29,"column":29},"end":{"line":32,"column":5}},"line":29},"6":{"name":"(anonymous_6)","decl":{"start":{"line":34,"column":4},"end":{"line":34,"column":5}},"loc":{"start":{"line":34,"column":21},"end":{"line":41,"column":5}},"line":34},"7":{"name":"(anonymous_7)","decl":{"start":{"line":36,"column":49},"end":{"line":36,"column":50}},"loc":{"start":{"line":36,"column":59},"end":{"line":38,"column":13}},"line":36},"8":{"name":"(anonymous_8)","decl":{"start":{"line":43,"column":4},"end":{"line":43,"column":5}},"loc":{"start":{"line":43,"column":50},"end":{"line":72,"column":5}},"line":43},"9":{"name":"(anonymous_9)","decl":{"start":{"line":64,"column":38},"end":{"line":64,"column":39}},"loc":{"start":{"line":64,"column":53},"end":{"line":68,"column":17}},"line":64},"10":{"name":"(anonymous_10)","decl":{"start":{"line":74,"column":4},"end":{"line":74,"column":5}},"loc":{"start":{"line":74,"column":52},"end":{"line":103,"column":5}},"line":74},"11":{"name":"(anonymous_11)","decl":{"start":{"line":95,"column":38},"end":{"line":95,"column":39}},"loc":{"start":{"line":95,"column":53},"end":{"line":99,"column":17}},"line":95}},"branchMap":{"0":{"loc":{"start":{"line":11,"column":8},"end":{"line":13,"column":9}},"type":"if","locations":[{"start":{"line":11,"column":8},"end":{"line":13,"column":9}},{"start":{"line":11,"column":8},"end":{"line":13,"column":9}}],"line":11},"1":{"loc":{"start":{"line":23,"column":8},"end":{"line":25,"column":9}},"type":"if","locations":[{"start":{"line":23,"column":8},"end":{"line":25,"column":9}},{"start":{"line":23,"column":8},"end":{"line":25,"column":9}}],"line":23},"2":{"loc":{"start":{"line":35,"column":8},"end":{"line":40,"column":9}},"type":"if","locations":[{"start":{"line":35,"column":8},"end":{"line":40,"column":9}},{"start":{"line":35,"column":8},"end":{"line":40,"column":9}}],"line":35},"3":{"loc":{"start":{"line":44,"column":8},"end":{"line":46,"column":9}},"type":"if","locations":[{"start":{"line":44,"column":8},"end":{"line":46,"column":9}},{"start":{"line":44,"column":8},"end":{"line":46,"column":9}}],"line":44},"4":{"loc":{"start":{"line":44,"column":12},"end":{"line":44,"column":92}},"type":"binary-expr","locations":[{"start":{"line":44,"column":13},"end":{"line":44,"column":50}},{"start":{"line":44,"column":56},"end":{"line":44,"column":91}}],"line":44},"5":{"loc":{"start":{"line":56,"column":12},"end":{"line":69,"column":13}},"type":"if","locations":[{"start":{"line":56,"column":12},"end":{"line":69,"column":13}},{"start":{"line":56,"column":12},"end":{"line":69,"column":13}}],"line":56},"6":{"loc":{"start":{"line":65,"column":20},"end":{"line":67,"column":21}},"type":"if","locations":[{"start":{"line":65,"column":20},"end":{"line":67,"column":21}},{"start":{"line":65,"column":20},"end":{"line":67,"column":21}}],"line":65},"7":{"loc":{"start":{"line":75,"column":8},"end":{"line":77,"column":9}},"type":"if","locations":[{"start":{"line":75,"column":8},"end":{"line":77,"column":9}},{"start":{"line":75,"column":8},"end":{"line":77,"column":9}}],"line":75},"8":{"loc":{"start":{"line":75,"column":12},"end":{"line":75,"column":92}},"type":"binary-expr","locations":[{"start":{"line":75,"column":13},"end":{"line":75,"column":50}},{"start":{"line":75,"column":56},"end":{"line":75,"column":91}}],"line":75},"9":{"loc":{"start":{"line":87,"column":12},"end":{"line":100,"column":13}},"type":"if","locations":[{"start":{"line":87,"column":12},"end":{"line":100,"column":13}},{"start":{"line":87,"column":12},"end":{"line":100,"column":13}}],"line":87},"10":{"loc":{"start":{"line":96,"column":20},"end":{"line":98,"column":21}},"type":"if","locations":[{"start":{"line":96,"column":20},"end":{"line":98,"column":21}},{"start":{"line":96,"column":20},"end":{"line":98,"column":21}}],"line":96}},"s":{"0":11,"1":27,"2":3,"3":1,"4":2,"5":16,"6":16,"7":5,"8":1,"9":4,"10":1,"11":1,"12":1,"13":1,"14":2,"15":1,"16":4,"17":2,"18":2,"19":2,"20":2,"21":12,"22":12,"23":1,"24":11,"25":11,"26":11,"27":19,"28":10,"29":1,"30":4,"31":2,"32":2,"33":2,"34":2,"35":9,"36":9,"37":1,"38":8,"39":8,"40":8,"41":15,"42":9,"43":1},"f":{"0":11,"1":27,"2":3,"3":16,"4":5,"5":1,"6":1,"7":2,"8":4,"9":19,"10":4,"11":15},"b":{"0":[1,2],"1":[1,4],"2":[1,0],"3":[2,2],"4":[4,3],"5":[1,11],"6":[10,9],"7":[2,2],"8":[4,3],"9":[1,8],"10":[9,6]},"_coverageSchema":"43e27e138ebf9cfc5966b082cf9a028302ed4184","hash":"6824529beaac503a9c14bd9c4c53f58c116f7ad5"}
}
