TN:
SF:/Users/rita/Desktop/code/key-concepts/graph/src/graph.js
FN:2,(anonymous_0)
FN:6,(anonymous_1)
FN:10,(anonymous_2)
FN:17,(anonymous_3)
FN:22,(anonymous_4)
FN:29,(anonymous_5)
FN:34,(anonymous_6)
FN:36,(anonymous_7)
FN:43,(anonymous_8)
FN:64,(anonymous_9)
FNF:10
FNH:10
FNDA:10,(anonymous_0)
FNDA:19,(anonymous_1)
FNDA:3,(anonymous_2)
FNDA:10,(anonymous_3)
FNDA:5,(anonymous_4)
FNDA:1,(anonymous_5)
FNDA:1,(anonymous_6)
FNDA:2,(anonymous_7)
FNDA:4,(anonymous_8)
FNDA:19,(anonymous_9)
DA:3,10
DA:7,19
DA:11,3
DA:12,1
DA:14,2
DA:18,10
DA:19,10
DA:23,5
DA:24,1
DA:26,4
DA:30,1
DA:31,1
DA:35,1
DA:36,1
DA:37,2
DA:39,1
DA:44,4
DA:45,2
DA:48,2
DA:50,2
DA:52,2
DA:54,12
DA:56,12
DA:57,1
DA:60,11
DA:62,11
DA:64,11
DA:65,19
DA:66,10
DA:71,1
LF:30
LH:30
BRDA:11,0,0,1
BRDA:11,0,1,2
BRDA:23,1,0,1
BRDA:23,1,1,4
BRDA:35,2,0,1
BRDA:35,2,1,0
BRDA:44,3,0,2
BRDA:44,3,1,2
BRDA:44,4,0,4
BRDA:44,4,1,3
BRDA:56,5,0,1
BRDA:56,5,1,11
BRDA:65,6,0,10
BRDA:65,6,1,9
BRF:14
BRH:13
end_of_record
