TN:
SF:/Users/rita/Desktop/code/key-concepts/graph/src/graph.js
FN:2,(anonymous_0)
FN:6,(anonymous_1)
FN:10,(anonymous_2)
FN:17,(anonymous_3)
FN:22,(anonymous_4)
FN:29,(anonymous_5)
FN:34,(anonymous_6)
FN:36,(anonymous_7)
FNF:8
FNH:8
FNDA:9,(anonymous_0)
FNDA:11,(anonymous_1)
FNDA:3,(anonymous_2)
FNDA:4,(anonymous_3)
FNDA:5,(anonymous_4)
FNDA:1,(anonymous_5)
FNDA:1,(anonymous_6)
FNDA:2,(anonymous_7)
DA:3,9
DA:7,11
DA:11,3
DA:12,1
DA:14,2
DA:18,4
DA:19,4
DA:23,5
DA:24,1
DA:26,4
DA:30,1
DA:31,1
DA:35,1
DA:36,1
DA:37,2
DA:39,1
LF:16
LH:16
BRDA:11,0,0,1
BRDA:11,0,1,2
BRDA:23,1,0,1
BRDA:23,1,1,4
BRDA:35,2,0,1
BRDA:35,2,1,0
BRF:6
BRH:5
end_of_record
