<?xml version="1.0" encoding="UTF-8"?>
<coverage generated="1619829690717" clover="3.2.0">
  <project timestamp="1619829690717" name="All files">
    <metrics statements="23" coveredstatements="23" conditionals="10" coveredconditionals="9" methods="4" coveredmethods="4" elements="37" coveredelements="36" complexity="0" loc="23" ncloc="23" packages="1" files="1" classes="1"/>
    <file name="quicksort.js" path="/Users/rita/Desktop/code/key-concepts/quick_sort/src/quicksort.js">
      <metrics statements="23" coveredstatements="23" conditionals="10" coveredconditionals="9" methods="4" coveredmethods="4"/>
      <line num="2" count="9" type="stmt"/>
      <line num="6" count="11" type="stmt"/>
      <line num="7" count="11" type="stmt"/>
      <line num="8" count="11" type="stmt"/>
      <line num="9" count="11" type="stmt"/>
      <line num="13" count="8" type="stmt"/>
      <line num="14" count="8" type="stmt"/>
      <line num="15" count="13" type="stmt"/>
      <line num="16" count="4" type="stmt"/>
      <line num="18" count="13" type="stmt"/>
      <line num="19" count="14" type="stmt"/>
      <line num="21" count="13" type="cond" truecount="2" falsecount="0"/>
      <line num="22" count="10" type="stmt"/>
      <line num="23" count="10" type="stmt"/>
      <line num="24" count="10" type="stmt"/>
      <line num="27" count="8" type="stmt"/>
      <line num="32" count="7" type="cond" truecount="1" falsecount="1"/>
      <line num="33" count="7" type="stmt"/>
      <line num="34" count="7" type="cond" truecount="2" falsecount="0"/>
      <line num="35" count="1" type="stmt"/>
      <line num="37" count="7" type="cond" truecount="2" falsecount="0"/>
      <line num="38" count="5" type="stmt"/>
      <line num="41" count="7" type="stmt"/>
    </file>
  </project>
</coverage>
