{"/Users/rita/Desktop/code/key-concepts/quick_sort/src/quicksort.js": {"path":"/Users/rita/Desktop/code/key-concepts/quick_sort/src/quicksort.js","statementMap":{"0":{"start":{"line":2,"column":4},"end":{"line":2,"column":61}},"1":{"start":{"line":6,"column":27},"end":{"line":6,"column":45}},"2":{"start":{"line":7,"column":4},"end":{"line":7,"column":45}},"3":{"start":{"line":8,"column":4},"end":{"line":8,"column":41}},"4":{"start":{"line":9,"column":4},"end":{"line":9,"column":17}},"5":{"start":{"line":13,"column":18},"end":{"line":13,"column":61}},"6":{"start":{"line":14,"column":4},"end":{"line":26,"column":5}},"7":{"start":{"line":15,"column":6},"end":{"line":17,"column":7}},"8":{"start":{"line":16,"column":8},"end":{"line":16,"column":22}},"9":{"start":{"line":18,"column":6},"end":{"line":20,"column":7}},"10":{"start":{"line":19,"column":10},"end":{"line":19,"column":25}},"11":{"start":{"line":21,"column":6},"end":{"line":25,"column":7}},"12":{"start":{"line":22,"column":8},"end":{"line":22,"column":55}},"13":{"start":{"line":23,"column":8},"end":{"line":23,"column":22}},"14":{"start":{"line":24,"column":8},"end":{"line":24,"column":23}},"15":{"start":{"line":27,"column":4},"end":{"line":27,"column":23}},"16":{"start":{"line":32,"column":4},"end":{"line":40,"column":5}},"17":{"start":{"line":33,"column":6},"end":{"line":33,"column":71}},"18":{"start":{"line":34,"column":6},"end":{"line":36,"column":7}},"19":{"start":{"line":35,"column":8},"end":{"line":35,"column":58}},"20":{"start":{"line":37,"column":6},"end":{"line":39,"column":7}},"21":{"start":{"line":38,"column":8},"end":{"line":38,"column":55}},"22":{"start":{"line":41,"column":4},"end":{"line":41,"column":17}}},"fnMap":{"0":{"name":"findPivot","decl":{"start":{"line":1,"column":16},"end":{"line":1,"column":25}},"loc":{"start":{"line":1,"column":60},"end":{"line":3,"column":3}},"line":1},"1":{"name":"swap","decl":{"start":{"line":5,"column":18},"end":{"line":5,"column":22}},"loc":{"start":{"line":5,"column":56},"end":{"line":10,"column":3}},"line":5},"2":{"name":"sortPartition","decl":{"start":{"line":12,"column":18},"end":{"line":12,"column":31}},"loc":{"start":{"line":12,"column":66},"end":{"line":28,"column":3}},"line":12},"3":{"name":"quickSort","decl":{"start":{"line":30,"column":18},"end":{"line":30,"column":27}},"loc":{"start":{"line":30,"column":85},"end":{"line":42,"column":3}},"line":30}},"branchMap":{"0":{"loc":{"start":{"line":21,"column":6},"end":{"line":25,"column":7}},"type":"if","locations":[{"start":{"line":21,"column":6},"end":{"line":25,"column":7}},{"start":{"line":21,"column":6},"end":{"line":25,"column":7}}],"line":21},"1":{"loc":{"start":{"line":30,"column":35},"end":{"line":30,"column":50}},"type":"default-arg","locations":[{"start":{"line":30,"column":49},"end":{"line":30,"column":50}}],"line":30},"2":{"loc":{"start":{"line":30,"column":52},"end":{"line":30,"column":83}},"type":"default-arg","locations":[{"start":{"line":30,"column":67},"end":{"line":30,"column":83}}],"line":30},"3":{"loc":{"start":{"line":32,"column":4},"end":{"line":40,"column":5}},"type":"if","locations":[{"start":{"line":32,"column":4},"end":{"line":40,"column":5}},{"start":{"line":32,"column":4},"end":{"line":40,"column":5}}],"line":32},"4":{"loc":{"start":{"line":34,"column":6},"end":{"line":36,"column":7}},"type":"if","locations":[{"start":{"line":34,"column":6},"end":{"line":36,"column":7}},{"start":{"line":34,"column":6},"end":{"line":36,"column":7}}],"line":34},"5":{"loc":{"start":{"line":37,"column":6},"end":{"line":39,"column":7}},"type":"if","locations":[{"start":{"line":37,"column":6},"end":{"line":39,"column":7}},{"start":{"line":37,"column":6},"end":{"line":39,"column":7}}],"line":37}},"s":{"0":9,"1":11,"2":11,"3":11,"4":11,"5":8,"6":8,"7":13,"8":4,"9":13,"10":14,"11":13,"12":10,"13":10,"14":10,"15":8,"16":7,"17":7,"18":7,"19":1,"20":7,"21":5,"22":7},"f":{"0":9,"1":11,"2":8,"3":7},"b":{"0":[10,3],"1":[1],"2":[1],"3":[7,0],"4":[1,6],"5":[5,2]},"_coverageSchema":"43e27e138ebf9cfc5966b082cf9a028302ed4184","hash":"202b335025b049340cb5b8535f613b72e654dbb9"}
}
