TN:
SF:/Users/rita/Desktop/code/key-concepts/quick_sort/src/quicksort.js
FN:1,findPivot
FN:5,swap
FN:12,sortPartition
FN:30,quickSort
FNF:4
FNH:4
FNDA:9,findPivot
FNDA:11,swap
FNDA:8,sortPartition
FNDA:7,quickSort
DA:2,9
DA:6,11
DA:7,11
DA:8,11
DA:9,11
DA:13,8
DA:14,8
DA:15,13
DA:16,4
DA:18,13
DA:19,14
DA:21,13
DA:22,10
DA:23,10
DA:24,10
DA:27,8
DA:32,7
DA:33,7
DA:34,7
DA:35,1
DA:37,7
DA:38,5
DA:41,7
LF:23
LH:23
BRDA:21,0,0,10
BRDA:21,0,1,3
BRDA:30,1,0,1
BRDA:30,2,0,1
BRDA:32,3,0,7
BRDA:32,3,1,0
BRDA:34,4,0,1
BRDA:34,4,1,6
BRDA:37,5,0,5
BRDA:37,5,1,2
BRF:10
BRH:9
end_of_record
